<?xml version="1.0" encoding="UTF-8"?>
<coverage generated="1506519135380" clover="3.2.0">
  <project timestamp="1506519135380" name="All files">
    <metrics statements="10" coveredstatements="10" conditionals="6" coveredconditionals="6" methods="8" coveredmethods="8" elements="24" coveredelements="24" complexity="0" loc="10" ncloc="10" packages="1" files="1" classes="1">
      <file name="index.js" path="/Users/johnpersson/Open Source/npm/glamorous-flex-grid/src/utils/index.js">
        <metrics statements="10" coveredstatements="10" conditionals="6" coveredconditionals="6" methods="8" coveredmethods="8"/>
        <line num="17" count="1" type="cond" truecount="1" falsecount="0"/>
        <line num="18" count="8" type="cond" truecount="2" falsecount="0"/>
        <line num="21" count="6" type="cond" truecount="1" falsecount="0"/>
        <line num="28" count="1" type="stmt"/>
        <line num="29" count="2" type="stmt"/>
        <line num="30" count="4" type="stmt"/>
        <line num="34" count="1" type="stmt"/>
        <line num="35" count="1" type="stmt"/>
        <line num="37" count="1" type="stmt"/>
        <line num="40" count="2" type="stmt"/>
      </file>
    </metrics>
  </project>
</coverage>
