<?xml version="1.0" encoding="UTF-8"?>
<coverage generated="1506521878368" clover="3.2.0">
  <project timestamp="1506521878368" name="All files">
    <metrics statements="40" coveredstatements="10" conditionals="48" coveredconditionals="6" methods="18" coveredmethods="8" elements="106" coveredelements="24" complexity="0" loc="40" ncloc="40" packages="4" files="4" classes="4">
      <package name="src">
        <metrics statements="3" coveredstatements="0" conditionals="4" coveredconditionals="0" methods="1" coveredmethods="0"/>
        <file name="index.jsx" path="/Users/johnpersson/Open Source/npm/glamorous-flex-grid/src/index.jsx">
          <metrics statements="3" coveredstatements="0" conditionals="4" coveredconditionals="0" methods="1" coveredmethods="0"/>
          <line num="1" count="0" type="cond" truecount="0" falsecount="4"/>
          <line num="3" count="0" type="stmt"/>
          <line num="4" count="0" type="stmt"/>
        </file>
      </package>
      <package name="src.components.Column">
        <metrics statements="14" coveredstatements="0" conditionals="16" coveredconditionals="0" methods="6" coveredmethods="0"/>
        <file name="index.jsx" path="/Users/johnpersson/Open Source/npm/glamorous-flex-grid/src/components/Column/index.jsx">
          <metrics statements="14" coveredstatements="0" conditionals="16" coveredconditionals="0" methods="6" coveredmethods="0"/>
          <line num="1" count="0" type="cond" truecount="0" falsecount="4"/>
          <line num="2" count="0" type="stmt"/>
          <line num="3" count="0" type="stmt"/>
          <line num="4" count="0" type="cond" truecount="0" falsecount="4"/>
          <line num="23" count="0" type="stmt"/>
          <line num="36" count="0" type="cond" truecount="0" falsecount="6"/>
          <line num="37" count="0" type="stmt"/>
          <line num="39" count="0" type="stmt"/>
          <line num="45" count="0" type="stmt"/>
          <line num="49" count="0" type="stmt"/>
          <line num="53" count="0" type="stmt"/>
          <line num="65" count="0" type="stmt"/>
          <line num="72" count="0" type="stmt"/>
          <line num="79" count="0" type="stmt"/>
        </file>
      </package>
      <package name="src.components.Row">
        <metrics statements="13" coveredstatements="0" conditionals="22" coveredconditionals="0" methods="3" coveredmethods="0"/>
        <file name="index.jsx" path="/Users/johnpersson/Open Source/npm/glamorous-flex-grid/src/components/Row/index.jsx">
          <metrics statements="13" coveredstatements="0" conditionals="22" coveredconditionals="0" methods="3" coveredmethods="0"/>
          <line num="1" count="0" type="cond" truecount="0" falsecount="4"/>
          <line num="2" count="0" type="stmt"/>
          <line num="3" count="0" type="cond" truecount="0" falsecount="4"/>
          <line num="14" count="0" type="stmt"/>
          <line num="15" count="0" type="stmt"/>
          <line num="18" count="0" type="stmt"/>
          <line num="31" count="0" type="stmt"/>
          <line num="36" count="0" type="stmt"/>
          <line num="40" count="0" type="stmt"/>
          <line num="44" count="0" type="stmt"/>
          <line num="50" count="0" type="stmt"/>
          <line num="57" count="0" type="stmt"/>
          <line num="61" count="0" type="stmt"/>
        </file>
      </package>
      <package name="src.utils">
        <metrics statements="10" coveredstatements="10" conditionals="6" coveredconditionals="6" methods="8" coveredmethods="8"/>
        <file name="index.js" path="/Users/johnpersson/Open Source/npm/glamorous-flex-grid/src/utils/index.js">
          <metrics statements="10" coveredstatements="10" conditionals="6" coveredconditionals="6" methods="8" coveredmethods="8"/>
          <line num="17" count="1" type="cond" truecount="1" falsecount="0"/>
          <line num="18" count="8" type="cond" truecount="2" falsecount="0"/>
          <line num="21" count="6" type="cond" truecount="1" falsecount="0"/>
          <line num="28" count="1" type="stmt"/>
          <line num="29" count="2" type="stmt"/>
          <line num="30" count="4" type="stmt"/>
          <line num="34" count="1" type="stmt"/>
          <line num="35" count="1" type="stmt"/>
          <line num="37" count="1" type="stmt"/>
          <line num="40" count="2" type="stmt"/>
        </file>
      </package>
    </metrics>
  </project>
</coverage>
