{"/Users/johnpersson/Open Source/npm/glamorous-flex-grid/src/index.jsx": {"path":"/Users/johnpersson/Open Source/npm/glamorous-flex-grid/src/index.jsx","statementMap":{"0":{"start":{"line":1,"column":13},"end":{"line":1,"column":75}},"1":{"start":{"line":1,"column":75},"end":{"line":1,"column":116}},"2":{"start":{"line":1,"column":129},"end":{"line":1,"column":147}},"3":{"start":{"line":1,"column":160},"end":{"line":1,"column":185}},"4":{"start":{"line":1,"column":198},"end":{"line":1,"column":227}},"5":{"start":{"line":1,"column":243},"end":{"line":1,"column":271}},"6":{"start":{"line":1,"column":287},"end":{"line":1,"column":319}},"7":{"start":{"line":1,"column":358},"end":{"line":1,"column":412}},"8":{"start":{"line":1,"column":413},"end":{"line":3,"column":20}},"9":{"start":{"line":3,"column":20},"end":{"line":4,"column":26}},"10":{"start":{"line":4,"column":26},"end":{"line":4,"column":62}}},"fnMap":{"0":{"name":"_interopRequireDefault","decl":{"start":{"line":1,"column":329},"end":{"line":1,"column":351}},"loc":{"start":{"line":1,"column":357},"end":{"line":1,"column":413}},"line":1}},"branchMap":{"0":{"loc":{"start":{"line":1,"column":365},"end":{"line":1,"column":411}},"type":"cond-expr","locations":[{"start":{"line":1,"column":389},"end":{"line":1,"column":392}},{"start":{"line":1,"column":395},"end":{"line":1,"column":411}}],"line":1},"1":{"loc":{"start":{"line":1,"column":365},"end":{"line":1,"column":386}},"type":"binary-expr","locations":[{"start":{"line":1,"column":365},"end":{"line":1,"column":368}},{"start":{"line":1,"column":372},"end":{"line":1,"column":386}}],"line":1}},"s":{"0":0,"1":0,"2":0,"3":0,"4":0,"5":0,"6":0,"7":0,"8":0,"9":0,"10":0},"f":{"0":0},"b":{"0":[0,0],"1":[0,0]}}
,"/Users/johnpersson/Open Source/npm/glamorous-flex-grid/src/components/Column/index.jsx": {"path":"/Users/johnpersson/Open Source/npm/glamorous-flex-grid/src/components/Column/index.jsx","statementMap":{"0":{"start":{"line":1,"column":13},"end":{"line":1,"column":75}},"1":{"start":{"line":1,"column":90},"end":{"line":1,"column":321}},"2":{"start":{"line":1,"column":126},"end":{"line":1,"column":306}},"3":{"start":{"line":1,"column":183},"end":{"line":1,"column":195}},"4":{"start":{"line":1,"column":196},"end":{"line":1,"column":305}},"5":{"start":{"line":1,"column":221},"end":{"line":1,"column":304}},"6":{"start":{"line":1,"column":277},"end":{"line":1,"column":303}},"7":{"start":{"line":1,"column":306},"end":{"line":1,"column":320}},"8":{"start":{"line":2,"column":13},"end":{"line":2,"column":29}},"9":{"start":{"line":2,"column":44},"end":{"line":2,"column":74}},"10":{"start":{"line":3,"column":17},"end":{"line":3,"column":37}},"11":{"start":{"line":3,"column":56},"end":{"line":3,"column":90}},"12":{"start":{"line":4,"column":17},"end":{"line":4,"column":37}},"13":{"start":{"line":4,"column":56},"end":{"line":4,"column":90}},"14":{"start":{"line":4,"column":129},"end":{"line":4,"column":183}},"15":{"start":{"line":23,"column":13},"end":{"line":70,"column":1}},"16":{"start":{"line":36,"column":16},"end":{"line":36,"column":29}},"17":{"start":{"line":36,"column":38},"end":{"line":36,"column":48}},"18":{"start":{"line":36,"column":58},"end":{"line":36,"column":69}},"19":{"start":{"line":36,"column":78},"end":{"line":36,"column":88}},"20":{"start":{"line":36,"column":98},"end":{"line":36,"column":109}},"21":{"start":{"line":36,"column":123},"end":{"line":36,"column":133}},"22":{"start":{"line":36,"column":142},"end":{"line":36,"column":184}},"23":{"start":{"line":36,"column":206},"end":{"line":36,"column":224}},"24":{"start":{"line":36,"column":241},"end":{"line":36,"column":299}},"25":{"start":{"line":36,"column":318},"end":{"line":36,"column":333}},"26":{"start":{"line":36,"column":347},"end":{"line":36,"column":399}},"27":{"start":{"line":37,"column":2},"end":{"line":37,"column":16}},"28":{"start":{"line":37,"column":34},"end":{"line":37,"column":64}},"29":{"start":{"line":37,"column":82},"end":{"line":37,"column":112}},"30":{"start":{"line":37,"column":122},"end":{"line":37,"column":144}},"31":{"start":{"line":39,"column":20},"end":{"line":43,"column":8}},"32":{"start":{"line":39,"column":59},"end":{"line":43,"column":6}},"33":{"start":{"line":45,"column":30},"end":{"line":46,"column":28}},"34":{"start":{"line":45,"column":76},"end":{"line":46,"column":26}},"35":{"start":{"line":49,"column":33},"end":{"line":50,"column":31}},"36":{"start":{"line":49,"column":82},"end":{"line":50,"column":29}},"37":{"start":{"line":53,"column":22},"end":{"line":62,"column":90}},"38":{"start":{"line":65,"column":2},"end":{"line":67,"column":17}},"39":{"start":{"line":72,"column":0},"end":{"line":79,"column":2}},"40":{"start":{"line":79,"column":2},"end":{"line":81,"column":34}}},"fnMap":{"0":{"name":"(anonymous_0)","decl":{"start":{"line":1,"column":107},"end":{"line":1,"column":108}},"loc":{"start":{"line":1,"column":125},"end":{"line":1,"column":321}},"line":1},"1":{"name":"_interopRequireDefault","decl":{"start":{"line":4,"column":100},"end":{"line":4,"column":122}},"loc":{"start":{"line":4,"column":128},"end":{"line":4,"column":184}},"line":4},"2":{"name":"Column","decl":{"start":{"line":23,"column":22},"end":{"line":23,"column":28}},"loc":{"start":{"line":36,"column":0},"end":{"line":70,"column":1}},"line":36},"3":{"name":"(anonymous_3)","decl":{"start":{"line":39,"column":42},"end":{"line":39,"column":43}},"loc":{"start":{"line":39,"column":58},"end":{"line":43,"column":7}},"line":39},"4":{"name":"(anonymous_4)","decl":{"start":{"line":45,"column":57},"end":{"line":45,"column":58}},"loc":{"start":{"line":45,"column":75},"end":{"line":46,"column":27}},"line":45},"5":{"name":"(anonymous_5)","decl":{"start":{"line":49,"column":63},"end":{"line":49,"column":64}},"loc":{"start":{"line":49,"column":81},"end":{"line":50,"column":30}},"line":49}},"branchMap":{"0":{"loc":{"start":{"line":1,"column":90},"end":{"line":1,"column":321}},"type":"binary-expr","locations":[{"start":{"line":1,"column":90},"end":{"line":1,"column":103}},{"start":{"line":1,"column":107},"end":{"line":1,"column":321}}],"line":1},"1":{"loc":{"start":{"line":1,"column":221},"end":{"line":1,"column":304}},"type":"if","locations":[{"start":{"line":1,"column":221},"end":{"line":1,"column":304}},{"start":{"line":1,"column":221},"end":{"line":1,"column":304}}],"line":1},"2":{"loc":{"start":{"line":4,"column":136},"end":{"line":4,"column":182}},"type":"cond-expr","locations":[{"start":{"line":4,"column":160},"end":{"line":4,"column":163}},{"start":{"line":4,"column":166},"end":{"line":4,"column":182}}],"line":4},"3":{"loc":{"start":{"line":4,"column":136},"end":{"line":4,"column":157}},"type":"binary-expr","locations":[{"start":{"line":4,"column":136},"end":{"line":4,"column":139}},{"start":{"line":4,"column":143},"end":{"line":4,"column":157}}],"line":4},"4":{"loc":{"start":{"line":36,"column":142},"end":{"line":36,"column":184}},"type":"cond-expr","locations":[{"start":{"line":36,"column":169},"end":{"line":36,"column":171}},{"start":{"line":36,"column":174},"end":{"line":36,"column":184}}],"line":36},"5":{"loc":{"start":{"line":36,"column":241},"end":{"line":36,"column":299}},"type":"cond-expr","locations":[{"start":{"line":36,"column":276},"end":{"line":36,"column":278}},{"start":{"line":36,"column":281},"end":{"line":36,"column":299}}],"line":36},"6":{"loc":{"start":{"line":36,"column":347},"end":{"line":36,"column":399}},"type":"cond-expr","locations":[{"start":{"line":36,"column":379},"end":{"line":36,"column":381}},{"start":{"line":36,"column":384},"end":{"line":36,"column":399}}],"line":36},"7":{"loc":{"start":{"line":57,"column":15},"end":{"line":57,"column":41}},"type":"cond-expr","locations":[{"start":{"line":57,"column":24},"end":{"line":57,"column":32}},{"start":{"line":57,"column":35},"end":{"line":57,"column":41}}],"line":57}},"s":{"0":0,"1":0,"2":0,"3":0,"4":0,"5":0,"6":0,"7":0,"8":0,"9":0,"10":0,"11":0,"12":0,"13":0,"14":0,"15":0,"16":0,"17":0,"18":0,"19":0,"20":0,"21":0,"22":0,"23":0,"24":0,"25":0,"26":0,"27":0,"28":0,"29":0,"30":0,"31":0,"32":0,"33":0,"34":0,"35":0,"36":0,"37":0,"38":0,"39":0,"40":0},"f":{"0":0,"1":0,"2":0,"3":0,"4":0,"5":0},"b":{"0":[0,0],"1":[0,0],"2":[0,0],"3":[0,0],"4":[0,0],"5":[0,0],"6":[0,0],"7":[0,0]}}
,"/Users/johnpersson/Open Source/npm/glamorous-flex-grid/src/components/Row/index.jsx": {"path":"/Users/johnpersson/Open Source/npm/glamorous-flex-grid/src/components/Row/index.jsx","statementMap":{"0":{"start":{"line":1,"column":13},"end":{"line":1,"column":75}},"1":{"start":{"line":1,"column":90},"end":{"line":1,"column":321}},"2":{"start":{"line":1,"column":126},"end":{"line":1,"column":306}},"3":{"start":{"line":1,"column":183},"end":{"line":1,"column":195}},"4":{"start":{"line":1,"column":196},"end":{"line":1,"column":305}},"5":{"start":{"line":1,"column":221},"end":{"line":1,"column":304}},"6":{"start":{"line":1,"column":277},"end":{"line":1,"column":303}},"7":{"start":{"line":1,"column":306},"end":{"line":1,"column":320}},"8":{"start":{"line":2,"column":13},"end":{"line":2,"column":29}},"9":{"start":{"line":2,"column":44},"end":{"line":2,"column":74}},"10":{"start":{"line":3,"column":17},"end":{"line":3,"column":37}},"11":{"start":{"line":3,"column":76},"end":{"line":3,"column":130}},"12":{"start":{"line":14,"column":10},"end":{"line":55,"column":1}},"13":{"start":{"line":14,"column":45},"end":{"line":14,"column":58}},"14":{"start":{"line":14,"column":67},"end":{"line":14,"column":77}},"15":{"start":{"line":14,"column":87},"end":{"line":14,"column":98}},"16":{"start":{"line":14,"column":108},"end":{"line":14,"column":119}},"17":{"start":{"line":14,"column":136},"end":{"line":14,"column":154}},"18":{"start":{"line":14,"column":161},"end":{"line":14,"column":169}},"19":{"start":{"line":15,"column":11},"end":{"line":15,"column":32}},"20":{"start":{"line":18,"column":15},"end":{"line":27,"column":20}},"21":{"start":{"line":31,"column":28},"end":{"line":33,"column":26}},"22":{"start":{"line":36,"column":21},"end":{"line":37,"column":51}},"23":{"start":{"line":40,"column":21},"end":{"line":41,"column":47}},"24":{"start":{"line":44,"column":20},"end":{"line":47,"column":29}},"25":{"start":{"line":50,"column":2},"end":{"line":52,"column":17}},"26":{"start":{"line":57,"column":0},"end":{"line":61,"column":12}},"27":{"start":{"line":61,"column":12},"end":{"line":64,"column":31}}},"fnMap":{"0":{"name":"(anonymous_0)","decl":{"start":{"line":1,"column":107},"end":{"line":1,"column":108}},"loc":{"start":{"line":1,"column":125},"end":{"line":1,"column":321}},"line":1},"1":{"name":"_interopRequireDefault","decl":{"start":{"line":3,"column":47},"end":{"line":3,"column":69}},"loc":{"start":{"line":3,"column":75},"end":{"line":3,"column":131}},"line":3},"2":{"name":"Row","decl":{"start":{"line":14,"column":19},"end":{"line":14,"column":22}},"loc":{"start":{"line":14,"column":29},"end":{"line":55,"column":1}},"line":14}},"branchMap":{"0":{"loc":{"start":{"line":1,"column":90},"end":{"line":1,"column":321}},"type":"binary-expr","locations":[{"start":{"line":1,"column":90},"end":{"line":1,"column":103}},{"start":{"line":1,"column":107},"end":{"line":1,"column":321}}],"line":1},"1":{"loc":{"start":{"line":1,"column":221},"end":{"line":1,"column":304}},"type":"if","locations":[{"start":{"line":1,"column":221},"end":{"line":1,"column":304}},{"start":{"line":1,"column":221},"end":{"line":1,"column":304}}],"line":1},"2":{"loc":{"start":{"line":3,"column":83},"end":{"line":3,"column":129}},"type":"cond-expr","locations":[{"start":{"line":3,"column":107},"end":{"line":3,"column":110}},{"start":{"line":3,"column":113},"end":{"line":3,"column":129}}],"line":3},"3":{"loc":{"start":{"line":3,"column":83},"end":{"line":3,"column":104}},"type":"binary-expr","locations":[{"start":{"line":3,"column":83},"end":{"line":3,"column":86}},{"start":{"line":3,"column":90},"end":{"line":3,"column":104}}],"line":3},"4":{"loc":{"start":{"line":22,"column":20},"end":{"line":22,"column":42}},"type":"cond-expr","locations":[{"start":{"line":22,"column":29},"end":{"line":22,"column":37}},{"start":{"line":22,"column":40},"end":{"line":22,"column":42}}],"line":22},"5":{"loc":{"start":{"line":24,"column":16},"end":{"line":24,"column":49}},"type":"cond-expr","locations":[{"start":{"line":24,"column":32},"end":{"line":24,"column":40}},{"start":{"line":24,"column":43},"end":{"line":24,"column":49}}],"line":24},"6":{"loc":{"start":{"line":37,"column":16},"end":{"line":37,"column":49}},"type":"cond-expr","locations":[{"start":{"line":37,"column":32},"end":{"line":37,"column":40}},{"start":{"line":37,"column":43},"end":{"line":37,"column":49}}],"line":37},"7":{"loc":{"start":{"line":41,"column":19},"end":{"line":41,"column":45}},"type":"cond-expr","locations":[{"start":{"line":41,"column":28},"end":{"line":41,"column":36}},{"start":{"line":41,"column":39},"end":{"line":41,"column":45}}],"line":41},"8":{"loc":{"start":{"line":45,"column":2},"end":{"line":45,"column":42}},"type":"cond-expr","locations":[{"start":{"line":45,"column":18},"end":{"line":45,"column":37}},{"start":{"line":45,"column":40},"end":{"line":45,"column":42}}],"line":45},"9":{"loc":{"start":{"line":46,"column":2},"end":{"line":46,"column":28}},"type":"cond-expr","locations":[{"start":{"line":46,"column":11},"end":{"line":46,"column":23}},{"start":{"line":46,"column":26},"end":{"line":46,"column":28}}],"line":46},"10":{"loc":{"start":{"line":47,"column":2},"end":{"line":47,"column":28}},"type":"cond-expr","locations":[{"start":{"line":47,"column":11},"end":{"line":47,"column":23}},{"start":{"line":47,"column":26},"end":{"line":47,"column":28}}],"line":47}},"s":{"0":0,"1":0,"2":0,"3":0,"4":0,"5":0,"6":0,"7":0,"8":0,"9":0,"10":0,"11":0,"12":0,"13":0,"14":0,"15":0,"16":0,"17":0,"18":0,"19":0,"20":0,"21":0,"22":0,"23":0,"24":0,"25":0,"26":0,"27":0},"f":{"0":0,"1":0,"2":0},"b":{"0":[0,0],"1":[0,0],"2":[0,0],"3":[0,0],"4":[0,0],"5":[0,0],"6":[0,0],"7":[0,0],"8":[0,0],"9":[0,0],"10":[0,0]}}
,"/Users/johnpersson/Open Source/npm/glamorous-flex-grid/src/utils/index.js": {"path":"/Users/johnpersson/Open Source/npm/glamorous-flex-grid/src/utils/index.js","statementMap":{"0":{"start":{"line":17,"column":0},"end":{"line":19,"column":1}},"1":{"start":{"line":18,"column":2},"end":{"line":18,"column":84}},"2":{"start":{"line":21,"column":26},"end":{"line":25,"column":2}},"3":{"start":{"line":21,"column":74},"end":{"line":25,"column":2}},"4":{"start":{"line":21,"column":96},"end":{"line":25,"column":1}},"5":{"start":{"line":28,"column":0},"end":{"line":32,"column":1}},"6":{"start":{"line":29,"column":2},"end":{"line":31,"column":8}},"7":{"start":{"line":30,"column":4},"end":{"line":30,"column":74}},"8":{"start":{"line":34,"column":26},"end":{"line":44,"column":1}},"9":{"start":{"line":35,"column":2},"end":{"line":43,"column":3}},"10":{"start":{"line":37,"column":6},"end":{"line":37,"column":57}},"11":{"start":{"line":40,"column":6},"end":{"line":40,"column":63}}},"fnMap":{"0":{"name":"(anonymous_0)","decl":{"start":{"line":17,"column":0},"end":{"line":17,"column":1}},"loc":{"start":{"line":18,"column":2},"end":{"line":18,"column":84}},"line":18},"1":{"name":"(anonymous_1)","decl":{"start":{"line":21,"column":26},"end":{"line":21,"column":27}},"loc":{"start":{"line":21,"column":74},"end":{"line":25,"column":2}},"line":21},"2":{"name":"(anonymous_2)","decl":{"start":{"line":21,"column":74},"end":{"line":21,"column":75}},"loc":{"start":{"line":21,"column":96},"end":{"line":25,"column":1}},"line":21},"3":{"name":"(anonymous_3)","decl":{"start":{"line":28,"column":0},"end":{"line":28,"column":1}},"loc":{"start":{"line":29,"column":2},"end":{"line":31,"column":8}},"line":29},"4":{"name":"(anonymous_4)","decl":{"start":{"line":29,"column":28},"end":{"line":29,"column":29}},"loc":{"start":{"line":30,"column":4},"end":{"line":30,"column":74}},"line":30},"5":{"name":"(anonymous_5)","decl":{"start":{"line":34,"column":26},"end":{"line":34,"column":27}},"loc":{"start":{"line":35,"column":2},"end":{"line":43,"column":3}},"line":35},"6":{"name":"(anonymous_6)","decl":{"start":{"line":36,"column":20},"end":{"line":36,"column":21}},"loc":{"start":{"line":37,"column":6},"end":{"line":37,"column":57}},"line":37},"7":{"name":"(anonymous_7)","decl":{"start":{"line":39,"column":20},"end":{"line":39,"column":21}},"loc":{"start":{"line":40,"column":6},"end":{"line":40,"column":63}},"line":40}},"branchMap":{"0":{"loc":{"start":{"line":17,"column":54},"end":{"line":17,"column":76}},"type":"default-arg","locations":[{"start":{"line":17,"column":71},"end":{"line":17,"column":76}}],"line":17},"1":{"loc":{"start":{"line":18,"column":2},"end":{"line":18,"column":84}},"type":"cond-expr","locations":[{"start":{"line":18,"column":10},"end":{"line":18,"column":49}},{"start":{"line":18,"column":52},"end":{"line":18,"column":84}}],"line":18},"2":{"loc":{"start":{"line":21,"column":42},"end":{"line":21,"column":69}},"type":"default-arg","locations":[{"start":{"line":21,"column":65},"end":{"line":21,"column":69}}],"line":21},"3":{"loc":{"start":{"line":22,"column":30},"end":{"line":22,"column":57}},"type":"cond-expr","locations":[{"start":{"line":22,"column":44},"end":{"line":22,"column":49}},{"start":{"line":22,"column":52},"end":{"line":22,"column":57}}],"line":22}},"s":{"0":1,"1":8,"2":1,"3":6,"4":6,"5":1,"6":2,"7":4,"8":1,"9":1,"10":1,"11":2},"f":{"0":8,"1":6,"2":6,"3":2,"4":4,"5":1,"6":1,"7":2},"b":{"0":[7],"1":[1,7],"2":[5],"3":[5,1]},"_coverageSchema":"332fd63041d2c1bcb487cc26dd0d5f7d97098a6c","hash":"0fe636bf1779f52013443b9465cab04a8b473a62"}
}
