{"/Users/johnpersson/Open Source/npm/glamorous-flex-grid/src/utils/index.js": {"path":"/Users/johnpersson/Open Source/npm/glamorous-flex-grid/src/utils/index.js","statementMap":{"0":{"start":{"line":17,"column":0},"end":{"line":19,"column":1}},"1":{"start":{"line":18,"column":2},"end":{"line":18,"column":84}},"2":{"start":{"line":21,"column":26},"end":{"line":25,"column":2}},"3":{"start":{"line":21,"column":74},"end":{"line":25,"column":2}},"4":{"start":{"line":21,"column":96},"end":{"line":25,"column":1}},"5":{"start":{"line":28,"column":0},"end":{"line":32,"column":1}},"6":{"start":{"line":29,"column":2},"end":{"line":31,"column":8}},"7":{"start":{"line":30,"column":4},"end":{"line":30,"column":74}},"8":{"start":{"line":34,"column":26},"end":{"line":44,"column":1}},"9":{"start":{"line":35,"column":2},"end":{"line":43,"column":3}},"10":{"start":{"line":37,"column":6},"end":{"line":37,"column":57}},"11":{"start":{"line":40,"column":6},"end":{"line":40,"column":63}}},"fnMap":{"0":{"name":"(anonymous_0)","decl":{"start":{"line":17,"column":0},"end":{"line":17,"column":1}},"loc":{"start":{"line":18,"column":2},"end":{"line":18,"column":84}},"line":18},"1":{"name":"(anonymous_1)","decl":{"start":{"line":21,"column":26},"end":{"line":21,"column":27}},"loc":{"start":{"line":21,"column":74},"end":{"line":25,"column":2}},"line":21},"2":{"name":"(anonymous_2)","decl":{"start":{"line":21,"column":74},"end":{"line":21,"column":75}},"loc":{"start":{"line":21,"column":96},"end":{"line":25,"column":1}},"line":21},"3":{"name":"(anonymous_3)","decl":{"start":{"line":28,"column":0},"end":{"line":28,"column":1}},"loc":{"start":{"line":29,"column":2},"end":{"line":31,"column":8}},"line":29},"4":{"name":"(anonymous_4)","decl":{"start":{"line":29,"column":28},"end":{"line":29,"column":29}},"loc":{"start":{"line":30,"column":4},"end":{"line":30,"column":74}},"line":30},"5":{"name":"(anonymous_5)","decl":{"start":{"line":34,"column":26},"end":{"line":34,"column":27}},"loc":{"start":{"line":35,"column":2},"end":{"line":43,"column":3}},"line":35},"6":{"name":"(anonymous_6)","decl":{"start":{"line":36,"column":20},"end":{"line":36,"column":21}},"loc":{"start":{"line":37,"column":6},"end":{"line":37,"column":57}},"line":37},"7":{"name":"(anonymous_7)","decl":{"start":{"line":39,"column":20},"end":{"line":39,"column":21}},"loc":{"start":{"line":40,"column":6},"end":{"line":40,"column":63}},"line":40}},"branchMap":{"0":{"loc":{"start":{"line":17,"column":54},"end":{"line":17,"column":76}},"type":"default-arg","locations":[{"start":{"line":17,"column":71},"end":{"line":17,"column":76}}],"line":17},"1":{"loc":{"start":{"line":18,"column":2},"end":{"line":18,"column":84}},"type":"cond-expr","locations":[{"start":{"line":18,"column":10},"end":{"line":18,"column":49}},{"start":{"line":18,"column":52},"end":{"line":18,"column":84}}],"line":18},"2":{"loc":{"start":{"line":21,"column":42},"end":{"line":21,"column":69}},"type":"default-arg","locations":[{"start":{"line":21,"column":65},"end":{"line":21,"column":69}}],"line":21},"3":{"loc":{"start":{"line":22,"column":30},"end":{"line":22,"column":57}},"type":"cond-expr","locations":[{"start":{"line":22,"column":44},"end":{"line":22,"column":49}},{"start":{"line":22,"column":52},"end":{"line":22,"column":57}}],"line":22}},"s":{"0":1,"1":8,"2":1,"3":6,"4":6,"5":1,"6":2,"7":4,"8":1,"9":1,"10":1,"11":2},"f":{"0":8,"1":6,"2":6,"3":2,"4":4,"5":1,"6":1,"7":2},"b":{"0":[7],"1":[1,7],"2":[5],"3":[5,1]},"_coverageSchema":"332fd63041d2c1bcb487cc26dd0d5f7d97098a6c","hash":"0fe636bf1779f52013443b9465cab04a8b473a62"}
}
