TN:
SF:/Users/johnpersson/Open Source/npm/glamorous-flex-grid/src/utils/index.js
FN:17,(anonymous_0)
FN:21,(anonymous_1)
FN:21,(anonymous_2)
FN:28,(anonymous_3)
FN:29,(anonymous_4)
FN:34,(anonymous_5)
FN:36,(anonymous_6)
FN:39,(anonymous_7)
FNF:8
FNH:8
FNDA:8,(anonymous_0)
FNDA:6,(anonymous_1)
FNDA:6,(anonymous_2)
FNDA:2,(anonymous_3)
FNDA:4,(anonymous_4)
FNDA:1,(anonymous_5)
FNDA:1,(anonymous_6)
FNDA:2,(anonymous_7)
DA:17,1
DA:18,8
DA:21,6
DA:28,1
DA:29,2
DA:30,4
DA:34,1
DA:35,1
DA:37,1
DA:40,2
LF:10
LH:10
BRDA:17,0,0,7
BRDA:18,1,0,1
BRDA:18,1,1,7
BRDA:21,2,0,5
BRDA:22,3,0,5
BRDA:22,3,1,1
BRF:6
BRH:6
end_of_record
