TN:
SF:/Users/johnpersson/Open Source/npm/glamorous-flex-grid/src/index.jsx
FN:1,_interopRequireDefault
FNF:1
FNH:0
FNDA:0,_interopRequireDefault
DA:1,0
DA:3,0
DA:4,0
LF:3
LH:0
BRDA:1,0,0,0
BRDA:1,0,1,0
BRDA:1,1,0,0
BRDA:1,1,1,0
BRF:4
BRH:0
end_of_record
TN:
SF:/Users/johnpersson/Open Source/npm/glamorous-flex-grid/src/components/Column/index.jsx
FN:1,(anonymous_0)
FN:4,_interopRequireDefault
FN:23,Column
FN:39,(anonymous_3)
FN:45,(anonymous_4)
FN:49,(anonymous_5)
FNF:6
FNH:0
FNDA:0,(anonymous_0)
FNDA:0,_interopRequireDefault
FNDA:0,Column
FNDA:0,(anonymous_3)
FNDA:0,(anonymous_4)
FNDA:0,(anonymous_5)
DA:1,0
DA:2,0
DA:3,0
DA:4,0
DA:23,0
DA:36,0
DA:37,0
DA:39,0
DA:45,0
DA:49,0
DA:53,0
DA:65,0
DA:72,0
DA:79,0
LF:14
LH:0
BRDA:1,0,0,0
BRDA:1,0,1,0
BRDA:1,1,0,0
BRDA:1,1,1,0
BRDA:4,2,0,0
BRDA:4,2,1,0
BRDA:4,3,0,0
BRDA:4,3,1,0
BRDA:36,4,0,0
BRDA:36,4,1,0
BRDA:36,5,0,0
BRDA:36,5,1,0
BRDA:36,6,0,0
BRDA:36,6,1,0
BRDA:57,7,0,0
BRDA:57,7,1,0
BRF:16
BRH:0
end_of_record
TN:
SF:/Users/johnpersson/Open Source/npm/glamorous-flex-grid/src/components/Row/index.jsx
FN:1,(anonymous_0)
FN:3,_interopRequireDefault
FN:14,Row
FNF:3
FNH:0
FNDA:0,(anonymous_0)
FNDA:0,_interopRequireDefault
FNDA:0,Row
DA:1,0
DA:2,0
DA:3,0
DA:14,0
DA:15,0
DA:18,0
DA:31,0
DA:36,0
DA:40,0
DA:44,0
DA:50,0
DA:57,0
DA:61,0
LF:13
LH:0
BRDA:1,0,0,0
BRDA:1,0,1,0
BRDA:1,1,0,0
BRDA:1,1,1,0
BRDA:3,2,0,0
BRDA:3,2,1,0
BRDA:3,3,0,0
BRDA:3,3,1,0
BRDA:22,4,0,0
BRDA:22,4,1,0
BRDA:24,5,0,0
BRDA:24,5,1,0
BRDA:37,6,0,0
BRDA:37,6,1,0
BRDA:41,7,0,0
BRDA:41,7,1,0
BRDA:45,8,0,0
BRDA:45,8,1,0
BRDA:46,9,0,0
BRDA:46,9,1,0
BRDA:47,10,0,0
BRDA:47,10,1,0
BRF:22
BRH:0
end_of_record
TN:
SF:/Users/johnpersson/Open Source/npm/glamorous-flex-grid/src/utils/index.js
FN:17,(anonymous_0)
FN:21,(anonymous_1)
FN:21,(anonymous_2)
FN:28,(anonymous_3)
FN:29,(anonymous_4)
FN:34,(anonymous_5)
FN:36,(anonymous_6)
FN:39,(anonymous_7)
FNF:8
FNH:8
FNDA:8,(anonymous_0)
FNDA:6,(anonymous_1)
FNDA:6,(anonymous_2)
FNDA:2,(anonymous_3)
FNDA:4,(anonymous_4)
FNDA:1,(anonymous_5)
FNDA:1,(anonymous_6)
FNDA:2,(anonymous_7)
DA:17,1
DA:18,8
DA:21,6
DA:28,1
DA:29,2
DA:30,4
DA:34,1
DA:35,1
DA:37,1
DA:40,2
LF:10
LH:10
BRDA:17,0,0,7
BRDA:18,1,0,1
BRDA:18,1,1,7
BRDA:21,2,0,5
BRDA:22,3,0,5
BRDA:22,3,1,1
BRF:6
BRH:6
end_of_record
